<?xml version="1.0" encoding="UTF-8"?>
<!-- Generated by org.testng.reporters.JUnitReportReporter -->
<testsuite hostname="DMM-G6394Y5V" failures="0" tests="1" name="File.Upload_Download.photoUpload" time="22.960" errors="0" timestamp="2024-01-29T23:06:25 MMT" skipped="0">
  <testcase classname="File.Upload_Download.photoUpload" name="testFileUpload" time="22.960"/>
  <system-out/>
</testsuite> <!-- File.Upload_Download.photoUpload -->
