<?xml version="1.0" encoding="UTF-8"?>
<!-- Generated by org.testng.reporters.JUnitReportReporter -->
<testsuite hostname="DMM-G6394Y5V" failures="0" tests="1" name="File.Upload_Download.FileUpload" time="5.558" errors="0" timestamp="2024-01-28T21:37:53 MMT" skipped="0">
  <testcase classname="File.Upload_Download.FileUpload" name="testFileUpload" time="5.558"/>
  <system-out/>
</testsuite> <!-- File.Upload_Download.FileUpload -->
