<?xml version="1.0" encoding="UTF-8"?>
<!-- Generated by org.testng.reporters.JUnitReportReporter -->
<testsuite hostname="DMM-G6394Y5V" failures="0" tests="1" name="File.Upload_Download.uploadMultiplePhotos" time="12.042" errors="0" timestamp="2024-01-29T23:07:59 MMT" skipped="0">
  <testcase classname="File.Upload_Download.uploadMultiplePhotos" name="testFileUpload" time="12.042"/>
  <system-out/>
</testsuite> <!-- File.Upload_Download.uploadMultiplePhotos -->
